extDB2: Version: 70
extDB2: https://github.com/Torndeco/extDB2
extDB2: Windows Version
Message: All development for extDB2 is done on a Linux Dedicated Server
Message: If you would like to Donate to extDB2 Development
Message: https://www.paypal.com/cgi-bin/webscr?cmd=_s-xclick&hosted_button_id=2SUEFTGABTAM2
Message: Also leave a message if there is any particular feature you would like to see added.
Message: Thanks for all the people that have donated.
Message: Torndeco: 20/02/15


extDB2: Found extdb-conf.ini
extDB2: Detected 8 Cores, Setting up 6 Worker Threads


[21:54:24:613724 +00:-1] [Thread 6016] extDB2: Database Type: MySQL
[21:54:24:615724 +00:-1] [Thread 6016] extDB2: Database Session Pool Started
[21:54:24:616724 +00:-1] [Thread 6016] extDB2: SQL_CUSTOM_V2: Loading Template Filename: D:\arma3\@ExileServer\extDB\sql_custom_v2\exile.ini
[21:54:24:616724 +00:-1] [Thread 6016] extDB2: SQL_CUSTOM_V2: Version 12 Detected, Latest Version 12 Available
[21:54:24:617724 +00:-1] [Thread 6016] extDB2: SQL_CUSTOM_V2: Loading Template Filename: D:\arma3\@ExileServer\extDB\sql_custom_v2\avs.ini
[21:54:24:617724 +00:-1] [Thread 6016] extDB2: SQL_CUSTOM_V2: Version 8 Detected, Latest Version 12 Available
[21:54:28:586951 +00:-1] [Thread 6016] extDB2: SQL_CUSTOM_V2: Error StatementException: MySQL: [MySQL]: [Comment]: mysql_stmt_prepare error	[mysql_stmt_error]: Unknown column 'ammo' in 'field list'	[mysql_stmt_errno]: 1054	[mysql_stmt_sqlstate]: 42S22	[statemnt]: SELECT ammo FROM vehicle WHERE id = ?
[21:54:28:586951 +00:-1] [Thread 6016] extDB2: SQL_CUSTOM_V2: Wiping Statements + Session
[21:54:28:586951 +00:-1] [Thread 6016] extDB2: SQL_CUSTOM_V2: Error: UniqueID: 1 Input String: getVehicleAmmo:87
[21:54:32:589180 +00:-1] [Thread 6016] extDB2: Stopping ...
