extDB2: Version: 70
extDB2: https://github.com/Torndeco/extDB2
extDB2: Windows Version
Message: All development for extDB2 is done on a Linux Dedicated Server
Message: If you would like to Donate to extDB2 Development
Message: https://www.paypal.com/cgi-bin/webscr?cmd=_s-xclick&hosted_button_id=2SUEFTGABTAM2
Message: Also leave a message if there is any particular feature you would like to see added.
Message: Thanks for all the people that have donated.
Message: Torndeco: 20/02/15


extDB2: Found extdb-conf.ini
extDB2: Detected 8 Cores, Setting up 6 Worker Threads


[22:07:19:057589 +00:-1] [Thread 5560] extDB2: Database Type: MySQL
[22:07:19:058589 +00:-1] [Thread 5560] extDB2: Database Session Pool Started
[22:07:19:059589 +00:-1] [Thread 5560] extDB2: SQL_CUSTOM_V2: Loading Template Filename: D:\arma3\@ExileServer\extDB\sql_custom_v2\exile.ini
[22:07:19:060589 +00:-1] [Thread 5560] extDB2: SQL_CUSTOM_V2: Version 12 Detected, Latest Version 12 Available
[22:07:19:061589 +00:-1] [Thread 5560] extDB2: SQL_CUSTOM_V2: Loading Template Filename: D:\arma3\@ExileServer\extDB\sql_custom_v2\avs.ini
[22:07:19:061589 +00:-1] [Thread 5560] extDB2: SQL_CUSTOM_V2: Version 8 Detected, Latest Version 12 Available
[22:07:23:039817 +00:-1] [Thread 5560] extDB2: SQL_CUSTOM_V2: Error StatementException: MySQL: [MySQL]: [Comment]: mysql_stmt_prepare error	[mysql_stmt_error]: Unknown column 'ammo' in 'field list'	[mysql_stmt_errno]: 1054	[mysql_stmt_sqlstate]: 42S22	[statemnt]: SELECT ammo FROM vehicle WHERE id = ?
[22:07:23:039817 +00:-1] [Thread 5560] extDB2: SQL_CUSTOM_V2: Wiping Statements + Session
[22:07:23:039817 +00:-1] [Thread 5560] extDB2: SQL_CUSTOM_V2: Error: UniqueID: 1 Input String: getVehicleAmmo:87
[22:23:33:544326 +00:-1] [Thread 5560] extDB2: Stopping ...
